{"/Users/hirosato/Downloads/tradechat-mvp/app/api/mastra/[[...mastra]]/route.ts": {"path":"/Users/hirosato/Downloads/tradechat-mvp/app/api/mastra/[[...mastra]]/route.ts","statementMap":{"0":{"start":{"line":32,"column":0},"end":{"line":32,"column":22}},"1":{"start":{"line":52,"column":0},"end":{"line":52,"column":16}},"2":{"start":{"line":3,"column":0},"end":{"line":3,"column":38}},"3":{"start":{"line":5,"column":0},"end":{"line":5,"column":66}},"4":{"start":{"line":8,"column":0},"end":{"line":11,"column":1}},"5":{"start":{"line":9,"column":2},"end":{"line":9,"column":99}},"6":{"start":{"line":12,"column":0},"end":{"line":16,"column":1}},"7":{"start":{"line":13,"column":2},"end":{"line":13,"column":82}},"8":{"start":{"line":15,"column":2},"end":{"line":15,"column":67}},"9":{"start":{"line":20,"column":22},"end":{"line":20,"column":41}},"10":{"start":{"line":23,"column":15},"end":{"line":27,"column":2}},"11":{"start":{"line":33,"column":45},"end":{"line":33,"column":61}},"12":{"start":{"line":36,"column":2},"end":{"line":38,"column":3}},"13":{"start":{"line":37,"column":4},"end":{"line":37,"column":70}},"14":{"start":{"line":40,"column":16},"end":{"line":40,"column":39}},"15":{"start":{"line":43,"column":17},"end":{"line":46,"column":4}},"16":{"start":{"line":48,"column":2},"end":{"line":48,"column":39}},"17":{"start":{"line":53,"column":2},"end":{"line":53,"column":59}}},"fnMap":{"0":{"name":"POST","decl":{"start":{"line":32,"column":22},"end":{"line":32,"column":26}},"loc":{"start":{"line":32,"column":39},"end":{"line":49,"column":null}}},"1":{"name":"GET","decl":{"start":{"line":52,"column":16},"end":{"line":52,"column":19}},"loc":{"start":{"line":52,"column":19},"end":{"line":54,"column":1}}}},"branchMap":{"0":{"loc":{"start":{"line":8,"column":0},"end":{"line":11,"column":1}},"type":"if","locations":[{"start":{"line":8,"column":0},"end":{"line":11,"column":1}}]},"1":{"loc":{"start":{"line":8,"column":4},"end":{"line":8,"column":62}},"type":"binary-expr","locations":[{"start":{"line":8,"column":4},"end":{"line":8,"column":31}},{"start":{"line":8,"column":35},"end":{"line":8,"column":62}}]},"2":{"loc":{"start":{"line":12,"column":0},"end":{"line":16,"column":1}},"type":"if","locations":[{"start":{"line":12,"column":0},"end":{"line":16,"column":1}}]},"3":{"loc":{"start":{"line":36,"column":2},"end":{"line":38,"column":3}},"type":"if","locations":[{"start":{"line":36,"column":2},"end":{"line":38,"column":3}}]}},"s":{"0":2,"1":2,"2":2,"3":2,"4":2,"5":0,"6":2,"7":0,"8":0,"9":2,"10":2,"11":4,"12":4,"13":2,"14":2,"15":1,"16":1,"17":2},"f":{"0":4,"1":2},"b":{"0":[0],"1":[2,0],"2":[0],"3":[2]}}
,"/Users/hirosato/Downloads/tradechat-mvp/src/mastra/index.ts": {"path":"/Users/hirosato/Downloads/tradechat-mvp/src/mastra/index.ts","statementMap":{"0":{"start":{"line":6,"column":0},"end":{"line":6,"column":25}},"1":{"start":{"line":9,"column":0},"end":{"line":9,"column":24}},"2":{"start":{"line":12,"column":0},"end":{"line":12,"column":9}},"3":{"start":{"line":12,"column":9},"end":{"line":12,"column":38}}},"fnMap":{"0":{"name":"(anonymous_4)","decl":{"start":{"line":12,"column":9},"end":{"line":12,"column":13}},"loc":{"start":{"line":12,"column":9},"end":{"line":12,"column":38}}}},"branchMap":{},"s":{"0":0,"1":0,"2":0,"3":0},"f":{"0":0},"b":{}}
,"/Users/hirosato/Downloads/tradechat-mvp/src/mastra/agents/index.ts": {"path":"/Users/hirosato/Downloads/tradechat-mvp/src/mastra/agents/index.ts","statementMap":{"0":{"start":{"line":14,"column":0},"end":{"line":14,"column":16}},"1":{"start":{"line":45,"column":0},"end":{"line":45,"column":16}},"2":{"start":{"line":5,"column":0},"end":{"line":5,"column":43}},"3":{"start":{"line":6,"column":0},"end":{"line":6,"column":40}},"4":{"start":{"line":8,"column":0},"end":{"line":8,"column":62}},"5":{"start":{"line":15,"column":2},"end":{"line":39,"column":5}},"6":{"start":{"line":46,"column":2},"end":{"line":69,"column":5}}},"fnMap":{"0":{"name":"createChatAgent","decl":{"start":{"line":14,"column":16},"end":{"line":14,"column":31}},"loc":{"start":{"line":14,"column":47},"end":{"line":40,"column":1}}},"1":{"name":"createDirectAgent","decl":{"start":{"line":45,"column":16},"end":{"line":45,"column":33}},"loc":{"start":{"line":45,"column":33},"end":{"line":70,"column":1}}}},"branchMap":{"0":{"loc":{"start":{"line":33,"column":18},"end":{"line":33,"column":73}},"type":"cond-expr","locations":[{"start":{"line":33,"column":47},"end":{"line":33,"column":55}},{"start":{"line":33,"column":58},"end":{"line":33,"column":73}}]},"1":{"loc":{"start":{"line":64,"column":18},"end":{"line":64,"column":73}},"type":"cond-expr","locations":[{"start":{"line":64,"column":47},"end":{"line":64,"column":55}},{"start":{"line":64,"column":58},"end":{"line":64,"column":73}}]}},"s":{"0":3,"1":3,"2":3,"3":3,"4":3,"5":3,"6":3},"f":{"0":3,"1":3},"b":{"0":[3,0],"1":[3,0]}}
,"/Users/hirosato/Downloads/tradechat-mvp/src/mastra/integrations/index.ts": {"path":"/Users/hirosato/Downloads/tradechat-mvp/src/mastra/integrations/index.ts","statementMap":{"0":{"start":{"line":5,"column":0},"end":{"line":5,"column":47}},"1":{"start":{"line":7,"column":13},"end":{"line":13,"column":3}}},"fnMap":{},"branchMap":{},"s":{"0":6,"1":6},"f":{},"b":{}}
,"/Users/hirosato/Downloads/tradechat-mvp/src/mastra/tools/index.ts": {"path":"/Users/hirosato/Downloads/tradechat-mvp/src/mastra/tools/index.ts","statementMap":{"0":{"start":{"line":5,"column":0},"end":{"line":5,"column":48}},"1":{"start":{"line":6,"column":0},"end":{"line":6,"column":24}},"2":{"start":{"line":7,"column":0},"end":{"line":7,"column":39}},"3":{"start":{"line":12,"column":13},"end":{"line":29,"column":3}},"4":{"start":{"line":23,"column":33},"end":{"line":28,"column":null}},"5":{"start":{"line":24,"column":19},"end":{"line":24,"column":60}},"6":{"start":{"line":25,"column":4},"end":{"line":27,"column":6}},"7":{"start":{"line":34,"column":13},"end":{"line":52,"column":3}},"8":{"start":{"line":43,"column":33},"end":{"line":51,"column":null}},"9":{"start":{"line":44,"column":4},"end":{"line":50,"column":5}},"10":{"start":{"line":45,"column":6},"end":{"line":45,"column":49}},"11":{"start":{"line":46,"column":6},"end":{"line":46,"column":31}},"12":{"start":{"line":48,"column":6},"end":{"line":48,"column":54}},"13":{"start":{"line":49,"column":6},"end":{"line":49,"column":32}}},"fnMap":{"0":{"name":"(anonymous_7)","decl":{"start":{"line":23,"column":11},"end":{"line":23,"column":18}},"loc":{"start":{"line":23,"column":33},"end":{"line":28,"column":null}}},"1":{"name":"(anonymous_8)","decl":{"start":{"line":23,"column":33},"end":{"line":23,"column":null}},"loc":{"start":{"line":23,"column":29},"end":{"line":28,"column":3}}},"2":{"name":"(anonymous_9)","decl":{"start":{"line":43,"column":11},"end":{"line":43,"column":18}},"loc":{"start":{"line":43,"column":33},"end":{"line":51,"column":null}}},"3":{"name":"(anonymous_10)","decl":{"start":{"line":43,"column":33},"end":{"line":43,"column":null}},"loc":{"start":{"line":43,"column":29},"end":{"line":51,"column":3}}}},"branchMap":{"0":{"loc":{"start":{"line":26,"column":14},"end":{"line":26,"column":44}},"type":"binary-expr","locations":[{"start":{"line":26,"column":14},"end":{"line":26,"column":20}},{"start":{"line":26,"column":24},"end":{"line":26,"column":44}}]}},"s":{"0":4,"1":4,"2":4,"3":4,"4":2,"5":2,"6":2,"7":4,"8":1,"9":1,"10":1,"11":1,"12":0,"13":0},"f":{"0":2,"1":2,"2":1,"3":1},"b":{"0":[2,0]}}
}
