{"/Users/hirosato/Downloads/tradechat-mvp/app/api/mastra/[[...mastra]]/route.ts": {"path":"/Users/hirosato/Downloads/tradechat-mvp/app/api/mastra/[[...mastra]]/route.ts","statementMap":{"0":{"start":{"line":72,"column":0},"end":{"line":72,"column":22}},"1":{"start":{"line":116,"column":0},"end":{"line":116,"column":16}},"2":{"start":{"line":3,"column":0},"end":{"line":3,"column":38}},"3":{"start":{"line":4,"column":0},"end":{"line":4,"column":45}},"4":{"start":{"line":5,"column":0},"end":{"line":5,"column":66}},"5":{"start":{"line":6,"column":0},"end":{"line":6,"column":43}},"6":{"start":{"line":7,"column":0},"end":{"line":7,"column":24}},"7":{"start":{"line":9,"column":0},"end":{"line":9,"column":61}},"8":{"start":{"line":12,"column":15},"end":{"line":12,"column":55}},"9":{"start":{"line":13,"column":24},"end":{"line":13,"column":40}},"10":{"start":{"line":14,"column":0},"end":{"line":14,"column":59}},"11":{"start":{"line":17,"column":0},"end":{"line":22,"column":1}},"12":{"start":{"line":18,"column":2},"end":{"line":18,"column":117}},"13":{"start":{"line":21,"column":2},"end":{"line":21,"column":55}},"14":{"start":{"line":23,"column":0},"end":{"line":27,"column":1}},"15":{"start":{"line":24,"column":2},"end":{"line":24,"column":103}},"16":{"start":{"line":26,"column":2},"end":{"line":26,"column":56}},"17":{"start":{"line":29,"column":34},"end":{"line":29,"column":38}},"18":{"start":{"line":30,"column":0},"end":{"line":43,"column":1}},"19":{"start":{"line":31,"column":2},"end":{"line":31,"column":75}},"20":{"start":{"line":32,"column":2},"end":{"line":32,"column":38}},"21":{"start":{"line":33,"column":2},"end":{"line":39,"column":3}},"22":{"start":{"line":34,"column":4},"end":{"line":34,"column":75}},"23":{"start":{"line":36,"column":4},"end":{"line":36,"column":103}},"24":{"start":{"line":38,"column":4},"end":{"line":38,"column":56}},"25":{"start":{"line":41,"column":2},"end":{"line":41,"column":94}},"26":{"start":{"line":42,"column":2},"end":{"line":42,"column":14}},"27":{"start":{"line":45,"column":28},"end":{"line":45,"column":32}},"28":{"start":{"line":46,"column":0},"end":{"line":67,"column":1}},"29":{"start":{"line":47,"column":2},"end":{"line":47,"column":76}},"30":{"start":{"line":48,"column":2},"end":{"line":55,"column":5}},"31":{"start":{"line":56,"column":2},"end":{"line":56,"column":74}},"32":{"start":{"line":58,"column":2},"end":{"line":63,"column":3}},"33":{"start":{"line":59,"column":4},"end":{"line":59,"column":115}},"34":{"start":{"line":60,"column":4},"end":{"line":60,"column":80}},"35":{"start":{"line":62,"column":4},"end":{"line":62,"column":81}},"36":{"start":{"line":65,"column":2},"end":{"line":65,"column":87}},"37":{"start":{"line":66,"column":2},"end":{"line":66,"column":14}},"38":{"start":{"line":73,"column":2},"end":{"line":73,"column":59}},"39":{"start":{"line":74,"column":2},"end":{"line":77,"column":3}},"40":{"start":{"line":75,"column":4},"end":{"line":75,"column":85}},"41":{"start":{"line":76,"column":4},"end":{"line":76,"column":90}},"42":{"start":{"line":79,"column":45},"end":{"line":79,"column":61}},"43":{"start":{"line":82,"column":2},"end":{"line":85,"column":3}},"44":{"start":{"line":83,"column":4},"end":{"line":83,"column":84}},"45":{"start":{"line":84,"column":4},"end":{"line":84,"column":70}},"46":{"start":{"line":88,"column":2},"end":{"line":99,"column":3}},"47":{"start":{"line":89,"column":4},"end":{"line":89,"column":77}},"48":{"start":{"line":90,"column":4},"end":{"line":90,"column":36}},"49":{"start":{"line":91,"column":4},"end":{"line":94,"column":5}},"50":{"start":{"line":92,"column":6},"end":{"line":92,"column":102}},"51":{"start":{"line":93,"column":6},"end":{"line":93,"column":85}},"52":{"start":{"line":95,"column":4},"end":{"line":95,"column":80}},"53":{"start":{"line":97,"column":4},"end":{"line":97,"column":96}},"54":{"start":{"line":98,"column":4},"end":{"line":98,"column":92}},"55":{"start":{"line":101,"column":2},"end":{"line":112,"column":3}},"56":{"start":{"line":102,"column":4},"end":{"line":102,"column":67}},"57":{"start":{"line":103,"column":19},"end":{"line":106,"column":6}},"58":{"start":{"line":107,"column":4},"end":{"line":107,"column":67}},"59":{"start":{"line":108,"column":4},"end":{"line":108,"column":41}},"60":{"start":{"line":110,"column":4},"end":{"line":110,"column":109}},"61":{"start":{"line":111,"column":4},"end":{"line":111,"column":91}},"62":{"start":{"line":117,"column":2},"end":{"line":117,"column":73}},"63":{"start":{"line":118,"column":2},"end":{"line":118,"column":59}}},"fnMap":{"0":{"name":"POST","decl":{"start":{"line":72,"column":22},"end":{"line":72,"column":26}},"loc":{"start":{"line":72,"column":39},"end":{"line":113,"column":null}}},"1":{"name":"GET","decl":{"start":{"line":116,"column":16},"end":{"line":116,"column":19}},"loc":{"start":{"line":116,"column":19},"end":{"line":119,"column":1}}}},"branchMap":{"0":{"loc":{"start":{"line":17,"column":0},"end":{"line":22,"column":1}},"type":"if","locations":[{"start":{"line":17,"column":0},"end":{"line":22,"column":1}},{"start":{"line":20,"column":7},"end":{"line":22,"column":1}}]},"1":{"loc":{"start":{"line":17,"column":4},"end":{"line":17,"column":62}},"type":"binary-expr","locations":[{"start":{"line":17,"column":4},"end":{"line":17,"column":31}},{"start":{"line":17,"column":35},"end":{"line":17,"column":62}}]},"2":{"loc":{"start":{"line":23,"column":0},"end":{"line":27,"column":1}},"type":"if","locations":[{"start":{"line":23,"column":0},"end":{"line":27,"column":1}},{"start":{"line":25,"column":7},"end":{"line":27,"column":1}}]},"3":{"loc":{"start":{"line":33,"column":2},"end":{"line":39,"column":3}},"type":"if","locations":[{"start":{"line":33,"column":2},"end":{"line":39,"column":3}},{"start":{"line":35,"column":9},"end":{"line":39,"column":3}}]},"4":{"loc":{"start":{"line":58,"column":2},"end":{"line":63,"column":3}},"type":"if","locations":[{"start":{"line":58,"column":2},"end":{"line":63,"column":3}},{"start":{"line":61,"column":9},"end":{"line":63,"column":3}}]},"5":{"loc":{"start":{"line":74,"column":2},"end":{"line":77,"column":3}},"type":"if","locations":[{"start":{"line":74,"column":2},"end":{"line":77,"column":3}}]},"6":{"loc":{"start":{"line":82,"column":2},"end":{"line":85,"column":3}},"type":"if","locations":[{"start":{"line":82,"column":2},"end":{"line":85,"column":3}}]},"7":{"loc":{"start":{"line":91,"column":4},"end":{"line":94,"column":5}},"type":"if","locations":[{"start":{"line":91,"column":4},"end":{"line":94,"column":5}}]}},"s":{"0":2,"1":2,"2":2,"3":2,"4":2,"5":2,"6":2,"7":2,"8":2,"9":2,"10":2,"11":2,"12":0,"13":2,"14":2,"15":0,"16":2,"17":2,"18":2,"19":2,"20":2,"21":2,"22":2,"23":0,"24":0,"25":0,"26":0,"27":2,"28":2,"29":2,"30":2,"31":2,"32":2,"33":0,"34":0,"35":2,"36":0,"37":0,"38":4,"39":4,"40":0,"41":0,"42":4,"43":4,"44":2,"45":2,"46":2,"47":2,"48":2,"49":2,"50":0,"51":0,"52":2,"53":0,"54":0,"55":2,"56":2,"57":2,"58":2,"59":2,"60":0,"61":0,"62":2,"63":2},"f":{"0":4,"1":2},"b":{"0":[0,2],"1":[2,0],"2":[0,2],"3":[2,0],"4":[0,2],"5":[0],"6":[2],"7":[0]}}
,"/Users/hirosato/Downloads/tradechat-mvp/src/mastra/index.ts": {"path":"/Users/hirosato/Downloads/tradechat-mvp/src/mastra/index.ts","statementMap":{"0":{"start":{"line":6,"column":0},"end":{"line":6,"column":25}},"1":{"start":{"line":9,"column":0},"end":{"line":9,"column":24}},"2":{"start":{"line":12,"column":0},"end":{"line":12,"column":9}},"3":{"start":{"line":12,"column":9},"end":{"line":12,"column":38}}},"fnMap":{"0":{"name":"(anonymous_4)","decl":{"start":{"line":12,"column":9},"end":{"line":12,"column":13}},"loc":{"start":{"line":12,"column":9},"end":{"line":12,"column":38}}}},"branchMap":{},"s":{"0":0,"1":0,"2":0,"3":0},"f":{"0":0},"b":{}}
,"/Users/hirosato/Downloads/tradechat-mvp/src/mastra/agents/index.ts": {"path":"/Users/hirosato/Downloads/tradechat-mvp/src/mastra/agents/index.ts","statementMap":{"0":{"start":{"line":24,"column":0},"end":{"line":24,"column":16}},"1":{"start":{"line":74,"column":0},"end":{"line":74,"column":16}},"2":{"start":{"line":8,"column":0},"end":{"line":8,"column":24}},"3":{"start":{"line":9,"column":0},"end":{"line":9,"column":43}},"4":{"start":{"line":10,"column":0},"end":{"line":10,"column":40}},"5":{"start":{"line":11,"column":0},"end":{"line":11,"column":40}},"6":{"start":{"line":12,"column":0},"end":{"line":12,"column":46}},"7":{"start":{"line":13,"column":0},"end":{"line":13,"column":62}},"8":{"start":{"line":16,"column":15},"end":{"line":16,"column":55}},"9":{"start":{"line":17,"column":24},"end":{"line":17,"column":40}},"10":{"start":{"line":18,"column":0},"end":{"line":18,"column":60}},"11":{"start":{"line":26,"column":2},"end":{"line":42,"column":3}},"12":{"start":{"line":27,"column":4},"end":{"line":41,"column":7}},"13":{"start":{"line":44,"column":2},"end":{"line":68,"column":5}},"14":{"start":{"line":75,"column":2},"end":{"line":75,"column":120}},"15":{"start":{"line":77,"column":17},"end":{"line":91,"column":4}},"16":{"start":{"line":93,"column":2},"end":{"line":117,"column":5}}},"fnMap":{"0":{"name":"createChatAgent","decl":{"start":{"line":24,"column":16},"end":{"line":24,"column":31}},"loc":{"start":{"line":24,"column":47},"end":{"line":69,"column":1}}},"1":{"name":"createDirectAgent","decl":{"start":{"line":74,"column":16},"end":{"line":74,"column":33}},"loc":{"start":{"line":74,"column":33},"end":{"line":118,"column":1}}}},"branchMap":{"0":{"loc":{"start":{"line":26,"column":2},"end":{"line":42,"column":3}},"type":"if","locations":[{"start":{"line":26,"column":2},"end":{"line":42,"column":3}}]},"1":{"loc":{"start":{"line":62,"column":18},"end":{"line":62,"column":73}},"type":"cond-expr","locations":[{"start":{"line":62,"column":47},"end":{"line":62,"column":55}},{"start":{"line":62,"column":58},"end":{"line":62,"column":73}}]},"2":{"loc":{"start":{"line":75,"column":69},"end":{"line":75,"column":118}},"type":"cond-expr","locations":[{"start":{"line":75,"column":98},"end":{"line":75,"column":106}},{"start":{"line":75,"column":109},"end":{"line":75,"column":118}}]},"3":{"loc":{"start":{"line":111,"column":18},"end":{"line":111,"column":73}},"type":"cond-expr","locations":[{"start":{"line":111,"column":47},"end":{"line":111,"column":55}},{"start":{"line":111,"column":58},"end":{"line":111,"column":73}}]}},"s":{"0":4,"1":4,"2":4,"3":4,"4":4,"5":4,"6":4,"7":4,"8":4,"9":4,"10":4,"11":3,"12":1,"13":3,"14":4,"15":4,"16":4},"f":{"0":3,"1":4},"b":{"0":[1],"1":[3,0],"2":[4,0],"3":[4,0]}}
,"/Users/hirosato/Downloads/tradechat-mvp/src/mastra/integrations/index.ts": {"path":"/Users/hirosato/Downloads/tradechat-mvp/src/mastra/integrations/index.ts","statementMap":{"0":{"start":{"line":5,"column":0},"end":{"line":5,"column":47}},"1":{"start":{"line":7,"column":13},"end":{"line":13,"column":3}}},"fnMap":{},"branchMap":{},"s":{"0":5,"1":5},"f":{},"b":{}}
,"/Users/hirosato/Downloads/tradechat-mvp/src/mastra/tools/index.ts": {"path":"/Users/hirosato/Downloads/tradechat-mvp/src/mastra/tools/index.ts","statementMap":{"0":{"start":{"line":5,"column":0},"end":{"line":5,"column":48}},"1":{"start":{"line":6,"column":0},"end":{"line":6,"column":24}},"2":{"start":{"line":7,"column":0},"end":{"line":7,"column":39}},"3":{"start":{"line":12,"column":13},"end":{"line":29,"column":3}},"4":{"start":{"line":23,"column":33},"end":{"line":28,"column":null}},"5":{"start":{"line":24,"column":19},"end":{"line":24,"column":60}},"6":{"start":{"line":25,"column":4},"end":{"line":27,"column":6}},"7":{"start":{"line":34,"column":13},"end":{"line":52,"column":3}},"8":{"start":{"line":43,"column":33},"end":{"line":51,"column":null}},"9":{"start":{"line":44,"column":4},"end":{"line":50,"column":5}},"10":{"start":{"line":45,"column":6},"end":{"line":45,"column":49}},"11":{"start":{"line":46,"column":6},"end":{"line":46,"column":31}},"12":{"start":{"line":48,"column":6},"end":{"line":48,"column":54}},"13":{"start":{"line":49,"column":6},"end":{"line":49,"column":32}}},"fnMap":{"0":{"name":"(anonymous_7)","decl":{"start":{"line":23,"column":11},"end":{"line":23,"column":18}},"loc":{"start":{"line":23,"column":33},"end":{"line":28,"column":null}}},"1":{"name":"(anonymous_8)","decl":{"start":{"line":23,"column":33},"end":{"line":23,"column":null}},"loc":{"start":{"line":23,"column":29},"end":{"line":28,"column":3}}},"2":{"name":"(anonymous_9)","decl":{"start":{"line":43,"column":11},"end":{"line":43,"column":18}},"loc":{"start":{"line":43,"column":33},"end":{"line":51,"column":null}}},"3":{"name":"(anonymous_10)","decl":{"start":{"line":43,"column":33},"end":{"line":43,"column":null}},"loc":{"start":{"line":43,"column":29},"end":{"line":51,"column":3}}}},"branchMap":{"0":{"loc":{"start":{"line":26,"column":14},"end":{"line":26,"column":44}},"type":"binary-expr","locations":[{"start":{"line":26,"column":14},"end":{"line":26,"column":20}},{"start":{"line":26,"column":24},"end":{"line":26,"column":44}}]}},"s":{"0":5,"1":5,"2":5,"3":5,"4":2,"5":2,"6":2,"7":5,"8":1,"9":1,"10":1,"11":1,"12":0,"13":0},"f":{"0":2,"1":2,"2":1,"3":1},"b":{"0":[2,0]}}
}
