TN:
SF:app/api/mastra/[[...mastra]]/route.ts
FN:32,POST
FN:52,GET
FNF:2
FNH:2
FNDA:4,POST
FNDA:2,GET
DA:3,2
DA:5,2
DA:8,2
DA:9,0
DA:12,2
DA:13,0
DA:15,0
DA:20,2
DA:23,2
DA:32,2
DA:33,4
DA:36,4
DA:37,2
DA:40,2
DA:43,1
DA:48,1
DA:52,2
DA:53,2
LF:18
LH:15
BRDA:8,0,0,0
BRDA:8,1,0,2
BRDA:8,1,1,0
BRDA:12,2,0,0
BRDA:36,3,0,2
BRF:5
BRH:2
end_of_record
TN:
SF:src/mastra/index.ts
FN:12,(anonymous_4)
FNF:1
FNH:0
FNDA:0,(anonymous_4)
DA:6,0
DA:9,0
DA:12,0
LF:3
LH:0
BRF:0
BRH:0
end_of_record
TN:
SF:src/mastra/agents/index.ts
FN:14,createChatAgent
FN:45,createDirectAgent
FNF:2
FNH:2
FNDA:3,createChatAgent
FNDA:3,createDirectAgent
DA:5,3
DA:6,3
DA:8,3
DA:14,3
DA:15,3
DA:45,3
DA:46,3
LF:7
LH:7
BRDA:33,0,0,3
BRDA:33,0,1,0
BRDA:64,1,0,3
BRDA:64,1,1,0
BRF:4
BRH:2
end_of_record
TN:
SF:src/mastra/integrations/index.ts
FNF:0
FNH:0
DA:5,6
DA:7,6
LF:2
LH:2
BRF:0
BRH:0
end_of_record
TN:
SF:src/mastra/tools/index.ts
FN:23,(anonymous_7)
FN:23,(anonymous_8)
FN:43,(anonymous_9)
FN:43,(anonymous_10)
FNF:4
FNH:4
FNDA:2,(anonymous_7)
FNDA:2,(anonymous_8)
FNDA:1,(anonymous_9)
FNDA:1,(anonymous_10)
DA:5,4
DA:6,4
DA:7,4
DA:12,4
DA:23,2
DA:24,2
DA:25,2
DA:34,4
DA:43,1
DA:44,1
DA:45,1
DA:46,1
DA:48,0
DA:49,0
LF:14
LH:12
BRDA:26,0,0,2
BRDA:26,0,1,0
BRF:2
BRH:1
end_of_record
