TN:
SF:app/api/mastra/[[...mastra]]/route.ts
FN:72,POST
FN:116,GET
FNF:2
FNH:2
FNDA:4,POST
FNDA:2,GET
DA:3,2
DA:4,2
DA:5,2
DA:6,2
DA:7,2
DA:9,2
DA:12,2
DA:13,2
DA:14,2
DA:17,2
DA:18,0
DA:21,2
DA:23,2
DA:24,0
DA:26,2
DA:29,2
DA:30,2
DA:31,2
DA:32,2
DA:33,2
DA:34,2
DA:36,0
DA:38,0
DA:41,0
DA:42,0
DA:45,2
DA:46,2
DA:47,2
DA:48,2
DA:56,2
DA:58,2
DA:59,0
DA:60,0
DA:62,2
DA:65,0
DA:66,0
DA:72,2
DA:73,4
DA:74,4
DA:75,0
DA:76,0
DA:79,4
DA:82,4
DA:83,2
DA:84,2
DA:88,2
DA:89,2
DA:90,2
DA:91,2
DA:92,0
DA:93,0
DA:95,2
DA:97,0
DA:98,0
DA:101,2
DA:102,2
DA:103,2
DA:107,2
DA:108,2
DA:110,0
DA:111,0
DA:116,2
DA:117,2
DA:118,2
LF:64
LH:46
BRDA:17,0,0,0
BRDA:17,0,1,2
BRDA:17,1,0,2
BRDA:17,1,1,0
BRDA:23,2,0,0
BRDA:23,2,1,2
BRDA:33,3,0,2
BRDA:33,3,1,0
BRDA:58,4,0,0
BRDA:58,4,1,2
BRDA:74,5,0,0
BRDA:82,6,0,2
BRDA:91,7,0,0
BRF:13
BRH:6
end_of_record
TN:
SF:src/mastra/index.ts
FN:12,(anonymous_4)
FNF:1
FNH:0
FNDA:0,(anonymous_4)
DA:6,0
DA:9,0
DA:12,0
LF:3
LH:0
BRF:0
BRH:0
end_of_record
TN:
SF:src/mastra/agents/index.ts
FN:24,createChatAgent
FN:74,createDirectAgent
FNF:2
FNH:2
FNDA:3,createChatAgent
FNDA:4,createDirectAgent
DA:8,4
DA:9,4
DA:10,4
DA:11,4
DA:12,4
DA:13,4
DA:16,4
DA:17,4
DA:18,4
DA:24,4
DA:26,3
DA:27,1
DA:44,3
DA:74,4
DA:75,4
DA:77,4
DA:93,4
LF:17
LH:17
BRDA:26,0,0,1
BRDA:62,1,0,3
BRDA:62,1,1,0
BRDA:75,2,0,4
BRDA:75,2,1,0
BRDA:111,3,0,4
BRDA:111,3,1,0
BRF:7
BRH:4
end_of_record
TN:
SF:src/mastra/integrations/index.ts
FNF:0
FNH:0
DA:5,5
DA:7,5
LF:2
LH:2
BRF:0
BRH:0
end_of_record
TN:
SF:src/mastra/tools/index.ts
FN:23,(anonymous_7)
FN:23,(anonymous_8)
FN:43,(anonymous_9)
FN:43,(anonymous_10)
FNF:4
FNH:4
FNDA:2,(anonymous_7)
FNDA:2,(anonymous_8)
FNDA:1,(anonymous_9)
FNDA:1,(anonymous_10)
DA:5,5
DA:6,5
DA:7,5
DA:12,5
DA:23,2
DA:24,2
DA:25,2
DA:34,5
DA:43,1
DA:44,1
DA:45,1
DA:46,1
DA:48,0
DA:49,0
LF:14
LH:12
BRDA:26,0,0,2
BRDA:26,0,1,0
BRF:2
BRH:1
end_of_record
